Using pre-set license
Built from '2020.2/release' branch; Version is '2020.2.4f1 (becced5a802b) revision 12504301'; Using compiler version '192528614'; Build Type 'Release'
OS: 'Windows 10 Home; OS build 18363.1379; Version 1909; 64bit' Language: 'de' Physical Memory: 16250 MB
BatchMode: 1, IsHumanControllingUs: 0, StartBugReporterOnCrash: 0, Is64bit: 1, IsPro: 0

 COMMAND LINE ARGUMENTS:
D:\Program Files\Unity\Editors\2020.2.4f1\Editor\Unity.exe
-adb2
-batchMode
-noUpm
-name
AssetImportWorker0
-projectPath
D:/Tethys/Software/Unity/sonar-simulator/Sonar Simulator
-logFile
Logs/AssetImportWorker0.log
-srvPort
50915
Successfully changed project path to: D:/Tethys/Software/Unity/sonar-simulator/Sonar Simulator
D:/Tethys/Software/Unity/sonar-simulator/Sonar Simulator
Using Asset Import Pipeline V2.
Refreshing native plugins compatible for Editor in 26.58 ms, found 0 plugins.
Preloading 0 native plugins for Editor in 0.00 ms.
Initialize engine version: 2020.2.4f1 (becced5a802b)
[Subsystems] Discovering subsystems at path D:/Program Files/Unity/Editors/2020.2.4f1/Editor/Data/Resources/UnitySubsystems
[Subsystems] Discovering subsystems at path D:/Tethys/Software/Unity/sonar-simulator/Sonar Simulator/Assets
GfxDevice: creating device client; threaded=0
Direct3D:
    Version:  Direct3D 11.0 [level 11.0]
    Renderer: NVIDIA GeForce GTX 960M (ID=0x139b)
    Vendor:   
    VRAM:     4055 MB
    Driver:   27.21.14.5681
Initialize mono
Mono path[0] = 'D:/Program Files/Unity/Editors/2020.2.4f1/Editor/Data/Managed'
Mono path[1] = 'D:/Program Files/Unity/Editors/2020.2.4f1/Editor/Data/MonoBleedingEdge/lib/mono/unityjit'
Mono config path = 'D:/Program Files/Unity/Editors/2020.2.4f1/Editor/Data/MonoBleedingEdge/etc'
Using monoOptions --debugger-agent=transport=dt_socket,embedding=1,server=y,suspend=n,address=127.0.0.1:56792
Begin MonoManager ReloadAssembly
Registering precompiled unity dll's ...
Register platform support module: D:/Program Files/Unity/Editors/2020.2.4f1/Editor/Data/PlaybackEngines/WindowsStandaloneSupport/UnityEditor.WindowsStandalone.Extensions.dll
Registered in 0.001982 seconds.
Native extension for WindowsStandalone target not found
Refreshing native plugins compatible for Editor in 25.34 ms, found 0 plugins.
Preloading 0 native plugins for Editor in 0.00 ms.
Invoked RoslynAnalysisRunner static constructor.
RoslynAnalysisRunner will not be running.
RoslynAnalysisRunner has terminated.
Mono: successfully reloaded assembly
- Completed reload, in  1.375 seconds
Platform modules already initialized, skipping
Registering precompiled user dll's ...
Registered in 0.001456 seconds.
Begin MonoManager ReloadAssembly
Native extension for WindowsStandalone target not found
Refreshing native plugins compatible for Editor in 0.22 ms, found 0 plugins.
Preloading 0 native plugins for Editor in 0.00 ms.
Invoked RoslynAnalysisRunner static constructor.
RoslynAnalysisRunner will not be running.
RoslynAnalysisRunner has terminated.
Mono: successfully reloaded assembly
- Completed reload, in  1.014 seconds
Platform modules already initialized, skipping
========================================================================
Worker process is ready to serve import requests
Launched and connected shader compiler UnityShaderCompiler.exe after 0.13 seconds
Refreshing native plugins compatible for Editor in 0.27 ms, found 0 plugins.
Preloading 0 native plugins for Editor in 0.00 ms.
Unloading 1104 Unused Serialized files (Serialized files now loaded: 0)
System memory in use before: 56.6 MB.
System memory in use after: 56.7 MB.

Unloading 10 unused Assets to reduce memory usage. Loaded Objects now: 1545.
Total: 2.190700 ms (FindLiveObjects: 0.195300 ms CreateObjectMapping: 0.036000 ms MarkObjects: 1.830800 ms  DeleteObjects: 0.127200 ms)

========================================================================
Received Prepare
Registering precompiled user dll's ...
Registered in 0.000946 seconds.
Begin MonoManager ReloadAssembly
Native extension for WindowsStandalone target not found
Refreshing native plugins compatible for Editor in 0.25 ms, found 0 plugins.
Preloading 0 native plugins for Editor in 0.00 ms.
Invoked RoslynAnalysisRunner static constructor.
RoslynAnalysisRunner will not be running.
RoslynAnalysisRunner has terminated.
Mono: successfully reloaded assembly
- Completed reload, in  0.920 seconds
Platform modules already initialized, skipping
Refreshing native plugins compatible for Editor in 0.31 ms, found 0 plugins.
Preloading 0 native plugins for Editor in 0.00 ms.
Unloading 1102 Unused Serialized files (Serialized files now loaded: 0)
System memory in use before: 56.6 MB.
System memory in use after: 56.7 MB.

Unloading 5 unused Assets to reduce memory usage. Loaded Objects now: 1550.
Total: 3.119300 ms (FindLiveObjects: 0.514600 ms CreateObjectMapping: 0.051800 ms MarkObjects: 2.412200 ms  DeleteObjects: 0.139200 ms)

========================================================================
Received Import Request.
  path: Assets/Scenes
  artifactKey: Guid(ef84d449db7bd514daab9d7039877f98) Importer(815301076,1909f56bfc062723c751e8b465ee728b)
Start importing Assets/Scenes using Guid(ef84d449db7bd514daab9d7039877f98) Importer(815301076,1909f56bfc062723c751e8b465ee728b)  -> (artifact id: 'db675dd388b2fd9546daf6e189636da1') in 0.010135 seconds
  Import took 0.012302 seconds .

========================================================================
Received Import Request.
  Time since last request: 0.005125 seconds.
  path: Assets/Scenes
  artifactKey: Guid(ef84d449db7bd514daab9d7039877f98) Importer(815301076,1909f56bfc062723c751e8b465ee728b)
Start importing Assets/Scenes using Guid(ef84d449db7bd514daab9d7039877f98) Importer(815301076,1909f56bfc062723c751e8b465ee728b)  -> (artifact id: 'db675dd388b2fd9546daf6e189636da1') in 0.003343 seconds
  Import took 0.006738 seconds .

========================================================================
Received Import Request.
  Time since last request: 1.163899 seconds.
  path: Assets/Scenes/SonarSimulator
  artifactKey: Guid(f3a6d26ae89c00b459c8e0aa0c39b33b) Importer(815301076,1909f56bfc062723c751e8b465ee728b)
Start importing Assets/Scenes/SonarSimulator using Guid(f3a6d26ae89c00b459c8e0aa0c39b33b) Importer(815301076,1909f56bfc062723c751e8b465ee728b)  -> (artifact id: '0671affb80c273da55433290d31e9e75') in 0.012963 seconds
  Import took 0.015959 seconds .

========================================================================
Received Import Request.
  Time since last request: 3.468652 seconds.
  path: Assets/Scenes/SonarSimulator/ExampleSceneGrate.unity
  artifactKey: Guid(0c71749deda00bd4089952e148faba18) Importer(815301076,1909f56bfc062723c751e8b465ee728b)
Start importing Assets/Scenes/SonarSimulator/ExampleSceneGrate.unity using Guid(0c71749deda00bd4089952e148faba18) Importer(815301076,1909f56bfc062723c751e8b465ee728b)  -> (artifact id: 'f79cd58aaac95b04174f7c4372c1de43') in 0.022055 seconds
  Import took 0.036727 seconds .

AssetImportWorkerClient::OnTransportError - code=2 error=End of file
